<?xml version="1.0" encoding="UTF-8"?>
<coverage generated="1513089487699" clover="3.2.0">
  <project timestamp="1513089487699" name="All files">
    <metrics statements="68" coveredstatements="65" conditionals="10" coveredconditionals="9" methods="13" coveredmethods="13" elements="91" coveredelements="87" complexity="0" loc="68" ncloc="68" packages="2" files="3" classes="3">
      <package name="backend">
        <metrics statements="1" coveredstatements="1" conditionals="0" coveredconditionals="0" methods="0" coveredmethods="0"/>
        <file name="setupJest.js" path="C:\Users\Marco\Desktop\IngSw2\src\backend\setupJest.js">
          <metrics statements="1" coveredstatements="1" conditionals="0" coveredconditionals="0" methods="0" coveredmethods="0"/>
          <line num="1" count="4" type="stmt"/>
        </file>
      </package>
      <package name="backend.src.sources">
        <metrics statements="67" coveredstatements="64" conditionals="10" coveredconditionals="9" methods="13" coveredmethods="13"/>
        <file name="calendario_eventi.js" path="C:\Users\Marco\Desktop\IngSw2\src\backend\src\sources\calendario_eventi.js">
          <metrics statements="35" coveredstatements="33" conditionals="8" coveredconditionals="7" methods="9" coveredmethods="9"/>
          <line num="1" count="2" type="stmt"/>
          <line num="2" count="2" type="stmt"/>
          <line num="3" count="2" type="stmt"/>
          <line num="5" count="2" type="stmt"/>
          <line num="6" count="9" type="stmt"/>
          <line num="7" count="9" type="stmt"/>
          <line num="8" count="9" type="stmt"/>
          <line num="10" count="9" type="stmt"/>
          <line num="12" count="9" type="cond" truecount="2" falsecount="0"/>
          <line num="13" count="2" type="stmt"/>
          <line num="16" count="7" type="stmt"/>
          <line num="17" count="7" type="stmt"/>
          <line num="18" count="0" type="stmt"/>
          <line num="20" count="7" type="stmt"/>
          <line num="21" count="80" type="stmt"/>
          <line num="26" count="80" type="stmt"/>
          <line num="28" count="80" type="stmt"/>
          <line num="30" count="80" type="stmt"/>
          <line num="31" count="80" type="cond" truecount="2" falsecount="0"/>
          <line num="32" count="25" type="stmt"/>
          <line num="34" count="55" type="stmt"/>
          <line num="36" count="80" type="stmt"/>
          <line num="37" count="80" type="cond" truecount="2" falsecount="0"/>
          <line num="38" count="10" type="stmt"/>
          <line num="39" count="10" type="stmt"/>
          <line num="40" count="10" type="stmt"/>
          <line num="42" count="70" type="stmt"/>
          <line num="44" count="80" type="stmt"/>
          <line num="48" count="7" type="stmt"/>
          <line num="51" count="7" type="cond" truecount="1" falsecount="1"/>
          <line num="52" count="0" type="stmt"/>
          <line num="54" count="7" type="stmt"/>
          <line num="55" count="7" type="stmt"/>
          <line num="60" count="2" type="stmt"/>
          <line num="61" count="2" type="stmt"/>
        </file>
        <file name="sessioni.js" path="C:\Users\Marco\Desktop\IngSw2\src\backend\src\sources\sessioni.js">
          <metrics statements="32" coveredstatements="31" conditionals="2" coveredconditionals="2" methods="4" coveredmethods="4"/>
          <line num="1" count="2" type="stmt"/>
          <line num="2" count="2" type="stmt"/>
          <line num="4" count="2" type="stmt"/>
          <line num="5" count="11" type="stmt"/>
          <line num="7" count="11" type="stmt"/>
          <line num="8" count="11" type="stmt"/>
          <line num="9" count="11" type="stmt"/>
          <line num="10" count="11" type="stmt"/>
          <line num="11" count="11" type="stmt"/>
          <line num="12" count="11" type="stmt"/>
          <line num="13" count="11" type="stmt"/>
          <line num="15" count="11" type="stmt"/>
          <line num="20" count="11" type="cond" truecount="2" falsecount="0"/>
          <line num="21" count="1" type="stmt"/>
          <line num="25" count="10" type="stmt"/>
          <line num="26" count="10" type="stmt"/>
          <line num="27" count="0" type="stmt"/>
          <line num="29" count="10" type="stmt"/>
          <line num="31" count="10" type="stmt"/>
          <line num="32" count="7" type="stmt"/>
          <line num="34" count="7" type="stmt"/>
          <line num="42" count="7" type="stmt"/>
          <line num="44" count="7" type="stmt"/>
          <line num="45" count="56" type="stmt"/>
          <line num="57" count="56" type="stmt"/>
          <line num="58" count="70" type="stmt"/>
          <line num="59" count="70" type="stmt"/>
          <line num="60" count="70" type="stmt"/>
          <line num="62" count="70" type="stmt"/>
          <line num="74" count="7" type="stmt"/>
          <line num="77" count="4" type="stmt"/>
          <line num="78" count="4" type="stmt"/>
        </file>
      </package>
    </metrics>
  </project>
</coverage>
