{"C:\\Users\\Marco\\Desktop\\IngSw2\\src\\backend\\setupJest.js": {"path":"C:\\Users\\Marco\\Desktop\\IngSw2\\src\\backend\\setupJest.js","statementMap":{"0":{"start":{"line":1,"column":0},"end":{"line":1,"column":42}}},"fnMap":{},"branchMap":{},"s":{"0":4},"f":{},"b":{},"_coverageSchema":"332fd63041d2c1bcb487cc26dd0d5f7d97098a6c","hash":"04b0e13af3e3081204388969bec364f2fb1f216b"}
,"C:\\Users\\Marco\\Desktop\\IngSw2\\src\\backend\\src\\sources\\calendario_eventi.js": {"path":"C:\\Users\\Marco\\Desktop\\IngSw2\\src\\backend\\src\\sources\\calendario_eventi.js","statementMap":{"0":{"start":{"line":1,"column":11},"end":{"line":1,"column":26}},"1":{"start":{"line":2,"column":12},"end":{"line":2,"column":33}},"2":{"start":{"line":3,"column":14},"end":{"line":3,"column":32}},"3":{"start":{"line":5,"column":0},"end":{"line":63,"column":1}},"4":{"start":{"line":6,"column":16},"end":{"line":6,"column":80}},"5":{"start":{"line":7,"column":15},"end":{"line":7,"column":17}},"6":{"start":{"line":8,"column":19},"end":{"line":8,"column":21}},"7":{"start":{"line":10,"column":4},"end":{"line":62,"column":11}},"8":{"start":{"line":12,"column":12},"end":{"line":13,"column":90}},"9":{"start":{"line":12,"column":27},"end":{"line":12,"column":46}},"10":{"start":{"line":13,"column":19},"end":{"line":13,"column":88}},"11":{"start":{"line":16,"column":12},"end":{"line":18,"column":67}},"12":{"start":{"line":17,"column":16},"end":{"line":17,"column":39}},"13":{"start":{"line":18,"column":23},"end":{"line":18,"column":66}},"14":{"start":{"line":20,"column":12},"end":{"line":47,"column":15}},"15":{"start":{"line":21,"column":16},"end":{"line":25,"column":7}},"16":{"start":{"line":26,"column":16},"end":{"line":46,"column":18}},"17":{"start":{"line":28,"column":38},"end":{"line":28,"column":49}},"18":{"start":{"line":30,"column":28},"end":{"line":30,"column":51}},"19":{"start":{"line":31,"column":28},"end":{"line":35,"column":29}},"20":{"start":{"line":32,"column":32},"end":{"line":32,"column":62}},"21":{"start":{"line":34,"column":32},"end":{"line":34,"column":79}},"22":{"start":{"line":36,"column":28},"end":{"line":36,"column":64}},"23":{"start":{"line":37,"column":28},"end":{"line":43,"column":29}},"24":{"start":{"line":38,"column":49},"end":{"line":38,"column":63}},"25":{"start":{"line":39,"column":51},"end":{"line":39,"column":81}},"26":{"start":{"line":40,"column":32},"end":{"line":40,"column":60}},"27":{"start":{"line":42,"column":32},"end":{"line":42,"column":112}},"28":{"start":{"line":44,"column":28},"end":{"line":44,"column":64}},"29":{"start":{"line":48,"column":12},"end":{"line":48,"column":24}},"30":{"start":{"line":51,"column":12},"end":{"line":57,"column":13}},"31":{"start":{"line":52,"column":16},"end":{"line":52,"column":77}},"32":{"start":{"line":54,"column":16},"end":{"line":56,"column":19}},"33":{"start":{"line":55,"column":20},"end":{"line":55,"column":48}},"34":{"start":{"line":60,"column":12},"end":{"line":60,"column":73}},"35":{"start":{"line":61,"column":12},"end":{"line":61,"column":145}}},"fnMap":{"0":{"name":"(anonymous_0)","decl":{"start":{"line":5,"column":20},"end":{"line":5,"column":21}},"loc":{"start":{"line":5,"column":29},"end":{"line":63,"column":1}},"line":5},"1":{"name":"(anonymous_1)","decl":{"start":{"line":11,"column":14},"end":{"line":11,"column":15}},"loc":{"start":{"line":11,"column":22},"end":{"line":14,"column":9}},"line":11},"2":{"name":"(anonymous_2)","decl":{"start":{"line":15,"column":14},"end":{"line":15,"column":15}},"loc":{"start":{"line":15,"column":22},"end":{"line":49,"column":9}},"line":15},"3":{"name":"(anonymous_3)","decl":{"start":{"line":20,"column":50},"end":{"line":20,"column":51}},"loc":{"start":{"line":20,"column":68},"end":{"line":47,"column":13}},"line":20},"4":{"name":"(anonymous_4)","decl":{"start":{"line":28,"column":30},"end":{"line":28,"column":31}},"loc":{"start":{"line":28,"column":38},"end":{"line":28,"column":49}},"line":28},"5":{"name":"(anonymous_5)","decl":{"start":{"line":29,"column":30},"end":{"line":29,"column":31}},"loc":{"start":{"line":29,"column":38},"end":{"line":45,"column":25}},"line":29},"6":{"name":"(anonymous_6)","decl":{"start":{"line":50,"column":14},"end":{"line":50,"column":15}},"loc":{"start":{"line":50,"column":26},"end":{"line":58,"column":9}},"line":50},"7":{"name":"(anonymous_7)","decl":{"start":{"line":54,"column":50},"end":{"line":54,"column":51}},"loc":{"start":{"line":54,"column":58},"end":{"line":56,"column":17}},"line":54},"8":{"name":"(anonymous_8)","decl":{"start":{"line":59,"column":16},"end":{"line":59,"column":17}},"loc":{"start":{"line":59,"column":25},"end":{"line":62,"column":9}},"line":59}},"branchMap":{"0":{"loc":{"start":{"line":12,"column":12},"end":{"line":13,"column":90}},"type":"if","locations":[{"start":{"line":12,"column":12},"end":{"line":13,"column":90}},{"start":{"line":12,"column":12},"end":{"line":13,"column":90}}],"line":12},"1":{"loc":{"start":{"line":31,"column":28},"end":{"line":35,"column":29}},"type":"if","locations":[{"start":{"line":31,"column":28},"end":{"line":35,"column":29}},{"start":{"line":31,"column":28},"end":{"line":35,"column":29}}],"line":31},"2":{"loc":{"start":{"line":37,"column":28},"end":{"line":43,"column":29}},"type":"if","locations":[{"start":{"line":37,"column":28},"end":{"line":43,"column":29}},{"start":{"line":37,"column":28},"end":{"line":43,"column":29}}],"line":37},"3":{"loc":{"start":{"line":51,"column":12},"end":{"line":57,"column":13}},"type":"if","locations":[{"start":{"line":51,"column":12},"end":{"line":57,"column":13}},{"start":{"line":51,"column":12},"end":{"line":57,"column":13}}],"line":51}},"s":{"0":2,"1":2,"2":2,"3":2,"4":9,"5":9,"6":9,"7":9,"8":9,"9":7,"10":2,"11":7,"12":7,"13":0,"14":7,"15":24,"16":24,"17":24,"18":24,"19":24,"20":5,"21":19,"22":24,"23":24,"24":2,"25":2,"26":2,"27":22,"28":24,"29":7,"30":7,"31":0,"32":7,"33":7,"34":2,"35":2},"f":{"0":9,"1":9,"2":7,"3":24,"4":24,"5":24,"6":7,"7":7,"8":2},"b":{"0":[7,2],"1":[5,19],"2":[2,22],"3":[0,7]},"_coverageSchema":"332fd63041d2c1bcb487cc26dd0d5f7d97098a6c","hash":"9712fbfcdc65f9784775422cdd2f528e16c3d5b5"}
,"C:\\Users\\Marco\\Desktop\\IngSw2\\src\\backend\\src\\sources\\sessioni.js": {"path":"C:\\Users\\Marco\\Desktop\\IngSw2\\src\\backend\\src\\sources\\sessioni.js","statementMap":{"0":{"start":{"line":1,"column":14},"end":{"line":1,"column":35}},"1":{"start":{"line":2,"column":17},"end":{"line":2,"column":37}},"2":{"start":{"line":4,"column":0},"end":{"line":83,"column":1}},"3":{"start":{"line":5,"column":16},"end":{"line":5,"column":64}},"4":{"start":{"line":7,"column":17},"end":{"line":7,"column":31}},"5":{"start":{"line":8,"column":4},"end":{"line":8,"column":38}},"6":{"start":{"line":9,"column":4},"end":{"line":9,"column":29}},"7":{"start":{"line":10,"column":4},"end":{"line":10,"column":27}},"8":{"start":{"line":11,"column":4},"end":{"line":11,"column":35}},"9":{"start":{"line":12,"column":4},"end":{"line":12,"column":37}},"10":{"start":{"line":13,"column":4},"end":{"line":13,"column":31}},"11":{"start":{"line":15,"column":4},"end":{"line":82,"column":11}},"12":{"start":{"line":20,"column":13},"end":{"line":21,"column":90}},"13":{"start":{"line":20,"column":28},"end":{"line":20,"column":47}},"14":{"start":{"line":21,"column":19},"end":{"line":21,"column":88}},"15":{"start":{"line":25,"column":12},"end":{"line":27,"column":71}},"16":{"start":{"line":26,"column":16},"end":{"line":26,"column":40}},"17":{"start":{"line":27,"column":25},"end":{"line":27,"column":70}},"18":{"start":{"line":29,"column":25},"end":{"line":29,"column":27}},"19":{"start":{"line":31,"column":44},"end":{"line":31,"column":70}},"20":{"start":{"line":32,"column":42},"end":{"line":32,"column":66}},"21":{"start":{"line":34,"column":12},"end":{"line":43,"column":13}},"22":{"start":{"line":45,"column":12},"end":{"line":45,"column":37}},"23":{"start":{"line":47,"column":12},"end":{"line":75,"column":13}},"24":{"start":{"line":48,"column":16},"end":{"line":57,"column":19}},"25":{"start":{"line":60,"column":16},"end":{"line":74,"column":17}},"26":{"start":{"line":61,"column":36},"end":{"line":61,"column":83}},"27":{"start":{"line":62,"column":41},"end":{"line":62,"column":93}},"28":{"start":{"line":63,"column":39},"end":{"line":63,"column":89}},"29":{"start":{"line":65,"column":20},"end":{"line":73,"column":23}},"30":{"start":{"line":77,"column":12},"end":{"line":77,"column":26}},"31":{"start":{"line":80,"column":12},"end":{"line":80,"column":58}},"32":{"start":{"line":81,"column":12},"end":{"line":81,"column":145}}},"fnMap":{"0":{"name":"(anonymous_0)","decl":{"start":{"line":4,"column":22},"end":{"line":4,"column":23}},"loc":{"start":{"line":4,"column":66},"end":{"line":83,"column":1}},"line":4},"1":{"name":"(anonymous_1)","decl":{"start":{"line":19,"column":14},"end":{"line":19,"column":15}},"loc":{"start":{"line":19,"column":22},"end":{"line":22,"column":9}},"line":19},"2":{"name":"(anonymous_2)","decl":{"start":{"line":23,"column":14},"end":{"line":23,"column":15}},"loc":{"start":{"line":23,"column":22},"end":{"line":78,"column":9}},"line":23},"3":{"name":"(anonymous_3)","decl":{"start":{"line":79,"column":16},"end":{"line":79,"column":17}},"loc":{"start":{"line":79,"column":25},"end":{"line":82,"column":9}},"line":79}},"branchMap":{"0":{"loc":{"start":{"line":20,"column":13},"end":{"line":21,"column":90}},"type":"if","locations":[{"start":{"line":20,"column":13},"end":{"line":21,"column":90}},{"start":{"line":20,"column":13},"end":{"line":21,"column":90}}],"line":20}},"s":{"0":2,"1":2,"2":2,"3":11,"4":11,"5":11,"6":11,"7":11,"8":11,"9":11,"10":11,"11":11,"12":11,"13":10,"14":1,"15":10,"16":10,"17":0,"18":10,"19":10,"20":7,"21":7,"22":7,"23":7,"24":56,"25":56,"26":70,"27":70,"28":70,"29":70,"30":7,"31":4,"32":4},"f":{"0":11,"1":11,"2":10,"3":4},"b":{"0":[10,1]},"_coverageSchema":"332fd63041d2c1bcb487cc26dd0d5f7d97098a6c","hash":"eae9d94469ae97c19d8e3e06e5812eab8c86d1e7"}
}
