TN:
SF:C:\Users\Marco\Desktop\IngSw2\src\backend\setupJest.js
FNF:0
FNH:0
DA:1,4
LF:1
LH:1
BRF:0
BRH:0
end_of_record
TN:
SF:C:\Users\Marco\Desktop\IngSw2\src\backend\src\sources\calendario_eventi.js
FN:5,(anonymous_0)
FN:11,(anonymous_1)
FN:15,(anonymous_2)
FN:20,(anonymous_3)
FN:28,(anonymous_4)
FN:29,(anonymous_5)
FN:50,(anonymous_6)
FN:54,(anonymous_7)
FN:59,(anonymous_8)
FNF:9
FNH:9
FNDA:9,(anonymous_0)
FNDA:9,(anonymous_1)
FNDA:7,(anonymous_2)
FNDA:24,(anonymous_3)
FNDA:24,(anonymous_4)
FNDA:24,(anonymous_5)
FNDA:7,(anonymous_6)
FNDA:7,(anonymous_7)
FNDA:2,(anonymous_8)
DA:1,2
DA:2,2
DA:3,2
DA:5,2
DA:6,9
DA:7,9
DA:8,9
DA:10,9
DA:12,9
DA:13,2
DA:16,7
DA:17,7
DA:18,0
DA:20,7
DA:21,24
DA:26,24
DA:28,24
DA:30,24
DA:31,24
DA:32,5
DA:34,19
DA:36,24
DA:37,24
DA:38,2
DA:39,2
DA:40,2
DA:42,22
DA:44,24
DA:48,7
DA:51,7
DA:52,0
DA:54,7
DA:55,7
DA:60,2
DA:61,2
LF:35
LH:33
BRDA:12,0,0,7
BRDA:12,0,1,2
BRDA:31,1,0,5
BRDA:31,1,1,19
BRDA:37,2,0,2
BRDA:37,2,1,22
BRDA:51,3,0,0
BRDA:51,3,1,7
BRF:8
BRH:7
end_of_record
TN:
SF:C:\Users\Marco\Desktop\IngSw2\src\backend\src\sources\sessioni.js
FN:4,(anonymous_0)
FN:19,(anonymous_1)
FN:23,(anonymous_2)
FN:79,(anonymous_3)
FNF:4
FNH:4
FNDA:11,(anonymous_0)
FNDA:11,(anonymous_1)
FNDA:10,(anonymous_2)
FNDA:4,(anonymous_3)
DA:1,2
DA:2,2
DA:4,2
DA:5,11
DA:7,11
DA:8,11
DA:9,11
DA:10,11
DA:11,11
DA:12,11
DA:13,11
DA:15,11
DA:20,11
DA:21,1
DA:25,10
DA:26,10
DA:27,0
DA:29,10
DA:31,10
DA:32,7
DA:34,7
DA:45,7
DA:47,7
DA:48,56
DA:60,56
DA:61,70
DA:62,70
DA:63,70
DA:65,70
DA:77,7
DA:80,4
DA:81,4
LF:32
LH:31
BRDA:20,0,0,10
BRDA:20,0,1,1
BRF:2
BRH:2
end_of_record
